[2020-04-07 14:10:05,021] DEBUG preRegister called. Server=com.sun.jmx.mbeanserver.JmxMBeanServer@66d3c617, name=log4j:logger=kafka.controller (kafka.controller)
[2020-04-07 14:10:21,007] INFO [ControllerEventThread controllerId=0] Starting (kafka.controller.ControllerEventManager$ControllerEventThread)
[2020-04-07 14:10:21,023] INFO [Controller id=0] 0 successfully elected as the controller (kafka.controller.KafkaController)
[2020-04-07 14:10:21,024] INFO [Controller id=0] Reading controller epoch from ZooKeeper (kafka.controller.KafkaController)
[2020-04-07 14:10:21,028] INFO [Controller id=0] Incrementing controller epoch in ZooKeeper (kafka.controller.KafkaController)
[2020-04-07 14:10:21,041] INFO [Controller id=0] Epoch incremented to 1 (kafka.controller.KafkaController)
[2020-04-07 14:10:21,041] INFO [Controller id=0] Registering handlers (kafka.controller.KafkaController)
[2020-04-07 14:10:21,045] INFO [Controller id=0] Deleting log dir event notifications (kafka.controller.KafkaController)
[2020-04-07 14:10:21,049] INFO [Controller id=0] Deleting isr change notifications (kafka.controller.KafkaController)
[2020-04-07 14:10:21,053] INFO [Controller id=0] Initializing controller context (kafka.controller.KafkaController)
[2020-04-07 14:10:21,121] DEBUG [Controller id=0] Register BrokerModifications handler for Set(0) (kafka.controller.KafkaController)
[2020-04-07 14:10:21,132] DEBUG [Channel manager on controller 0]: Controller 0 trying to connect to broker 0 (kafka.controller.ControllerChannelManager)
[2020-04-07 14:10:21,160] INFO [RequestSendThread controllerId=0] Starting (kafka.controller.RequestSendThread)
[2020-04-07 14:10:21,163] INFO [Controller id=0] Partitions being reassigned: Map() (kafka.controller.KafkaController)
[2020-04-07 14:10:21,164] INFO [Controller id=0] Currently active brokers in the cluster: Set(0) (kafka.controller.KafkaController)
[2020-04-07 14:10:21,165] INFO [Controller id=0] Currently shutting brokers in the cluster: Set() (kafka.controller.KafkaController)
[2020-04-07 14:10:21,165] INFO [Controller id=0] Current list of topics in the cluster: Set() (kafka.controller.KafkaController)
[2020-04-07 14:10:21,166] INFO [Controller id=0] Fetching topic deletions in progress (kafka.controller.KafkaController)
[2020-04-07 14:10:21,171] INFO [Controller id=0] List of topics to be deleted:  (kafka.controller.KafkaController)
[2020-04-07 14:10:21,171] INFO [Controller id=0] List of topics ineligible for deletion:  (kafka.controller.KafkaController)
[2020-04-07 14:10:21,172] INFO [Controller id=0] Initializing topic deletion manager (kafka.controller.KafkaController)
[2020-04-07 14:10:21,174] INFO [Controller id=0] Sending update metadata request (kafka.controller.KafkaController)
[2020-04-07 14:10:21,184] INFO [ReplicaStateMachine controllerId=0] Initializing replica state (kafka.controller.ReplicaStateMachine)
[2020-04-07 14:10:21,185] INFO [ReplicaStateMachine controllerId=0] Triggering online replica state changes (kafka.controller.ReplicaStateMachine)
[2020-04-07 14:10:21,194] INFO [RequestSendThread controllerId=0] Controller 0 connected to localhost:9092 (id: 0 rack: null) for sending state change requests (kafka.controller.RequestSendThread)
[2020-04-07 14:10:21,196] INFO [ReplicaStateMachine controllerId=0] Started replica state machine with initial state -> Map() (kafka.controller.ReplicaStateMachine)
[2020-04-07 14:10:21,197] INFO [PartitionStateMachine controllerId=0] Initializing partition state (kafka.controller.PartitionStateMachine)
[2020-04-07 14:10:21,198] INFO [PartitionStateMachine controllerId=0] Triggering online partition state changes (kafka.controller.PartitionStateMachine)
[2020-04-07 14:10:21,205] INFO [PartitionStateMachine controllerId=0] Started partition state machine with initial state -> Map() (kafka.controller.PartitionStateMachine)
[2020-04-07 14:10:21,205] INFO [Controller id=0] Ready to serve as the new controller with epoch 1 (kafka.controller.KafkaController)
[2020-04-07 14:10:21,212] INFO [Controller id=0] Partitions undergoing preferred replica election:  (kafka.controller.KafkaController)
[2020-04-07 14:10:21,212] INFO [Controller id=0] Partitions that completed preferred replica election:  (kafka.controller.KafkaController)
[2020-04-07 14:10:21,213] INFO [Controller id=0] Skipping preferred replica election for partitions due to topic deletion:  (kafka.controller.KafkaController)
[2020-04-07 14:10:21,213] INFO [Controller id=0] Resuming preferred replica election for partitions:  (kafka.controller.KafkaController)
[2020-04-07 14:10:21,214] INFO [Controller id=0] Starting preferred replica leader election for partitions  (kafka.controller.KafkaController)
[2020-04-07 14:10:21,226] INFO [Controller id=0] Starting the controller scheduler (kafka.controller.KafkaController)
[2020-04-07 14:10:26,230] TRACE [Controller id=0] Checking need to trigger auto leader balancing (kafka.controller.KafkaController)
[2020-04-07 14:10:26,233] DEBUG [Controller id=0] Preferred replicas by broker Map() (kafka.controller.KafkaController)
[2020-04-07 14:11:05,692] INFO [Controller id=0] New topics: [Set(addMessageInAConversation)], deleted topics: [Set()], new partition replica assignment [Map(addMessageInAConversation-0 -> Vector(0))] (kafka.controller.KafkaController)
[2020-04-07 14:11:05,694] INFO [Controller id=0] New partition creation callback for addMessageInAConversation-0 (kafka.controller.KafkaController)
[2020-04-07 14:11:07,591] INFO [Controller id=0] New topics: [Set(applyForJob)], deleted topics: [Set()], new partition replica assignment [Map(applyForJob-0 -> Vector(0))] (kafka.controller.KafkaController)
[2020-04-07 14:11:07,592] INFO [Controller id=0] New partition creation callback for applyForJob-0 (kafka.controller.KafkaController)
[2020-04-07 14:11:09,630] INFO [Controller id=0] New topics: [Set(createEducation)], deleted topics: [Set()], new partition replica assignment [Map(createEducation-0 -> Vector(0))] (kafka.controller.KafkaController)
[2020-04-07 14:11:09,630] INFO [Controller id=0] New partition creation callback for createEducation-0 (kafka.controller.KafkaController)
[2020-04-07 14:11:11,482] INFO [Controller id=0] New topics: [Set(createEvent)], deleted topics: [Set()], new partition replica assignment [Map(createEvent-0 -> Vector(0))] (kafka.controller.KafkaController)
[2020-04-07 14:11:11,482] INFO [Controller id=0] New partition creation callback for createEvent-0 (kafka.controller.KafkaController)
[2020-04-07 14:11:13,314] INFO [Controller id=0] New topics: [Set(createJobPost)], deleted topics: [Set()], new partition replica assignment [Map(createJobPost-0 -> Vector(0))] (kafka.controller.KafkaController)
[2020-04-07 14:11:13,314] INFO [Controller id=0] New partition creation callback for createJobPost-0 (kafka.controller.KafkaController)
[2020-04-07 14:11:15,138] INFO [Controller id=0] New topics: [Set(createProfessionalExperience)], deleted topics: [Set()], new partition replica assignment [Map(createProfessionalExperience-0 -> Vector(0))] (kafka.controller.KafkaController)
[2020-04-07 14:11:15,138] INFO [Controller id=0] New partition creation callback for createProfessionalExperience-0 (kafka.controller.KafkaController)
[2020-04-07 14:11:26,987] INFO [Controller id=0] New topics: [Set(deleteEducation)], deleted topics: [Set()], new partition replica assignment [Map(deleteEducation-0 -> Vector(0))] (kafka.controller.KafkaController)
[2020-04-07 14:11:26,987] INFO [Controller id=0] New partition creation callback for deleteEducation-0 (kafka.controller.KafkaController)
[2020-04-07 14:11:38,804] INFO [Controller id=0] New topics: [Set(deleteProfessionalExperience)], deleted topics: [Set()], new partition replica assignment [Map(deleteProfessionalExperience-0 -> Vector(0))] (kafka.controller.KafkaController)
[2020-04-07 14:11:38,805] INFO [Controller id=0] New partition creation callback for deleteProfessionalExperience-0 (kafka.controller.KafkaController)
[2020-04-07 14:11:50,715] INFO [Controller id=0] New topics: [Set(getAllConversationsOfAUser)], deleted topics: [Set()], new partition replica assignment [Map(getAllConversationsOfAUser-0 -> Vector(0))] (kafka.controller.KafkaController)
[2020-04-07 14:11:50,715] INFO [Controller id=0] New partition creation callback for getAllConversationsOfAUser-0 (kafka.controller.KafkaController)
[2020-04-07 14:12:02,546] INFO [Controller id=0] New topics: [Set(getAllMessageOFAConversation)], deleted topics: [Set()], new partition replica assignment [Map(getAllMessageOFAConversation-0 -> Vector(0))] (kafka.controller.KafkaController)
[2020-04-07 14:12:02,547] INFO [Controller id=0] New partition creation callback for getAllMessageOFAConversation-0 (kafka.controller.KafkaController)
[2020-04-07 14:12:14,321] INFO [Controller id=0] New topics: [Set(getAppliedJobs)], deleted topics: [Set()], new partition replica assignment [Map(getAppliedJobs-0 -> Vector(0))] (kafka.controller.KafkaController)
[2020-04-07 14:12:14,321] INFO [Controller id=0] New partition creation callback for getAppliedJobs-0 (kafka.controller.KafkaController)
[2020-04-07 14:12:26,124] INFO [Controller id=0] New topics: [Set(getCompanyInfo)], deleted topics: [Set()], new partition replica assignment [Map(getCompanyInfo-0 -> Vector(0))] (kafka.controller.KafkaController)
[2020-04-07 14:12:26,124] INFO [Controller id=0] New partition creation callback for getCompanyInfo-0 (kafka.controller.KafkaController)
[2020-04-07 14:12:37,924] INFO [Controller id=0] New topics: [Set(getPostedJobs)], deleted topics: [Set()], new partition replica assignment [Map(getPostedJobs-0 -> Vector(0))] (kafka.controller.KafkaController)
[2020-04-07 14:12:37,924] INFO [Controller id=0] New partition creation callback for getPostedJobs-0 (kafka.controller.KafkaController)
[2020-04-07 14:12:49,742] INFO [Controller id=0] New topics: [Set(getRegisteredEvents)], deleted topics: [Set()], new partition replica assignment [Map(getRegisteredEvents-0 -> Vector(0))] (kafka.controller.KafkaController)
[2020-04-07 14:12:49,742] INFO [Controller id=0] New partition creation callback for getRegisteredEvents-0 (kafka.controller.KafkaController)
[2020-04-07 14:13:01,548] INFO [Controller id=0] New topics: [Set(getSearchedEvent)], deleted topics: [Set()], new partition replica assignment [Map(getSearchedEvent-0 -> Vector(0))] (kafka.controller.KafkaController)
[2020-04-07 14:13:01,548] INFO [Controller id=0] New partition creation callback for getSearchedEvent-0 (kafka.controller.KafkaController)
[2020-04-07 14:13:13,581] INFO [Controller id=0] New topics: [Set(getStudentAllEducation)], deleted topics: [Set()], new partition replica assignment [Map(getStudentAllEducation-0 -> Vector(0))] (kafka.controller.KafkaController)
[2020-04-07 14:13:13,581] INFO [Controller id=0] New partition creation callback for getStudentAllEducation-0 (kafka.controller.KafkaController)
[2020-04-07 14:13:25,493] INFO [Controller id=0] New topics: [Set(getStudentInfo)], deleted topics: [Set()], new partition replica assignment [Map(getStudentInfo-0 -> Vector(0))] (kafka.controller.KafkaController)
[2020-04-07 14:13:25,493] INFO [Controller id=0] New partition creation callback for getStudentInfo-0 (kafka.controller.KafkaController)
[2020-04-07 14:13:37,487] INFO [Controller id=0] New topics: [Set(getStudentsRegisteredInAEvent)], deleted topics: [Set()], new partition replica assignment [Map(getStudentsRegisteredInAEvent-0 -> Vector(0))] (kafka.controller.KafkaController)
[2020-04-07 14:13:37,487] INFO [Controller id=0] New partition creation callback for getStudentsRegisteredInAEvent-0 (kafka.controller.KafkaController)
[2020-04-07 14:13:51,687] INFO [Controller id=0] New topics: [Set(listCompanyCreatedEvents)], deleted topics: [Set()], new partition replica assignment [Map(listCompanyCreatedEvents-0 -> Vector(0))] (kafka.controller.KafkaController)
[2020-04-07 14:13:51,687] INFO [Controller id=0] New partition creation callback for listCompanyCreatedEvents-0 (kafka.controller.KafkaController)
[2020-04-07 14:14:03,726] INFO [Controller id=0] New topics: [Set(listCompanyPostedJobs)], deleted topics: [Set()], new partition replica assignment [Map(listCompanyPostedJobs-0 -> Vector(0))] (kafka.controller.KafkaController)
[2020-04-07 14:14:03,727] INFO [Controller id=0] New partition creation callback for listCompanyPostedJobs-0 (kafka.controller.KafkaController)
[2020-04-07 14:14:15,551] INFO [Controller id=0] New topics: [Set(login)], deleted topics: [Set()], new partition replica assignment [Map(login-0 -> Vector(0))] (kafka.controller.KafkaController)
[2020-04-07 14:14:15,551] INFO [Controller id=0] New partition creation callback for login-0 (kafka.controller.KafkaController)
[2020-04-07 14:14:27,742] INFO [Controller id=0] New topics: [Set(passport)], deleted topics: [Set()], new partition replica assignment [Map(passport-0 -> Vector(0))] (kafka.controller.KafkaController)
[2020-04-07 14:14:27,743] INFO [Controller id=0] New partition creation callback for passport-0 (kafka.controller.KafkaController)
[2020-04-07 14:14:39,622] INFO [Controller id=0] New topics: [Set(registerForEvent)], deleted topics: [Set()], new partition replica assignment [Map(registerForEvent-0 -> Vector(0))] (kafka.controller.KafkaController)
[2020-04-07 14:14:39,623] INFO [Controller id=0] New partition creation callback for registerForEvent-0 (kafka.controller.KafkaController)
[2020-04-07 14:14:51,350] INFO [Controller id=0] New topics: [Set(response_topic)], deleted topics: [Set()], new partition replica assignment [Map(response_topic-0 -> Vector(0))] (kafka.controller.KafkaController)
[2020-04-07 14:14:51,351] INFO [Controller id=0] New partition creation callback for response_topic-0 (kafka.controller.KafkaController)
[2020-04-07 14:15:04,192] INFO [Controller id=0] New topics: [Set(searchStudents)], deleted topics: [Set()], new partition replica assignment [Map(searchStudents-0 -> Vector(0))] (kafka.controller.KafkaController)
[2020-04-07 14:15:04,192] INFO [Controller id=0] New partition creation callback for searchStudents-0 (kafka.controller.KafkaController)
[2020-04-07 14:15:20,071] INFO [Controller id=0] New topics: [Set(signup)], deleted topics: [Set()], new partition replica assignment [Map(signup-0 -> Vector(0))] (kafka.controller.KafkaController)
[2020-04-07 14:15:20,071] INFO [Controller id=0] New partition creation callback for signup-0 (kafka.controller.KafkaController)
[2020-04-07 14:15:26,235] TRACE [Controller id=0] Checking need to trigger auto leader balancing (kafka.controller.KafkaController)
[2020-04-07 14:15:26,235] DEBUG [Controller id=0] Preferred replicas by broker Map(0 -> Map(getAppliedJobs-0 -> Vector(0), createJobPost-0 -> Vector(0), deleteProfessionalExperience-0 -> Vector(0), listCompanyCreatedEvents-0 -> Vector(0), getRegisteredEvents-0 -> Vector(0), registerForEvent-0 -> Vector(0), getPostedJobs-0 -> Vector(0), getAllConversationsOfAUser-0 -> Vector(0), deleteEducation-0 -> Vector(0), searchStudents-0 -> Vector(0), getSearchedEvent-0 -> Vector(0), createEducation-0 -> Vector(0), createEvent-0 -> Vector(0), getAllMessageOFAConversation-0 -> Vector(0), passport-0 -> Vector(0), signup-0 -> Vector(0), listCompanyPostedJobs-0 -> Vector(0), getStudentInfo-0 -> Vector(0), applyForJob-0 -> Vector(0), createProfessionalExperience-0 -> Vector(0), login-0 -> Vector(0), addMessageInAConversation-0 -> Vector(0), getStudentsRegisteredInAEvent-0 -> Vector(0), getStudentAllEducation-0 -> Vector(0), response_topic-0 -> Vector(0), getCompanyInfo-0 -> Vector(0))) (kafka.controller.KafkaController)
[2020-04-07 14:15:26,237] DEBUG [Controller id=0] Topics not in preferred replica for broker 0 Map() (kafka.controller.KafkaController)
[2020-04-07 14:15:26,237] TRACE [Controller id=0] Leader imbalance ratio for broker 0 is 0.0 (kafka.controller.KafkaController)
[2020-04-07 14:15:33,388] INFO [Controller id=0] New topics: [Set(updateAppliedStudentJobStatus)], deleted topics: [Set()], new partition replica assignment [Map(updateAppliedStudentJobStatus-0 -> Vector(0))] (kafka.controller.KafkaController)
[2020-04-07 14:15:33,388] INFO [Controller id=0] New partition creation callback for updateAppliedStudentJobStatus-0 (kafka.controller.KafkaController)
[2020-04-07 14:15:45,358] INFO [Controller id=0] New topics: [Set(updateCompanyProfile)], deleted topics: [Set()], new partition replica assignment [Map(updateCompanyProfile-0 -> Vector(0))] (kafka.controller.KafkaController)
[2020-04-07 14:15:45,358] INFO [Controller id=0] New partition creation callback for updateCompanyProfile-0 (kafka.controller.KafkaController)
[2020-04-07 14:15:57,407] INFO [Controller id=0] New topics: [Set(updateEducation)], deleted topics: [Set()], new partition replica assignment [Map(updateEducation-0 -> Vector(0))] (kafka.controller.KafkaController)
[2020-04-07 14:15:57,407] INFO [Controller id=0] New partition creation callback for updateEducation-0 (kafka.controller.KafkaController)
[2020-04-07 14:16:09,330] INFO [Controller id=0] New topics: [Set(updateProfessionalExperience)], deleted topics: [Set()], new partition replica assignment [Map(updateProfessionalExperience-0 -> Vector(0))] (kafka.controller.KafkaController)
[2020-04-07 14:16:09,330] INFO [Controller id=0] New partition creation callback for updateProfessionalExperience-0 (kafka.controller.KafkaController)
[2020-04-07 14:16:21,575] INFO [Controller id=0] New topics: [Set(updateSkills)], deleted topics: [Set()], new partition replica assignment [Map(updateSkills-0 -> Vector(0))] (kafka.controller.KafkaController)
[2020-04-07 14:16:21,575] INFO [Controller id=0] New partition creation callback for updateSkills-0 (kafka.controller.KafkaController)
[2020-04-07 14:16:34,149] INFO [Controller id=0] New topics: [Set(updateStudentProfile)], deleted topics: [Set()], new partition replica assignment [Map(updateStudentProfile-0 -> Vector(0))] (kafka.controller.KafkaController)
[2020-04-07 14:16:34,149] INFO [Controller id=0] New partition creation callback for updateStudentProfile-0 (kafka.controller.KafkaController)
[2020-04-07 14:20:26,242] TRACE [Controller id=0] Checking need to trigger auto leader balancing (kafka.controller.KafkaController)
[2020-04-07 14:20:26,244] DEBUG [Controller id=0] Preferred replicas by broker Map(0 -> Map(getAppliedJobs-0 -> Vector(0), createJobPost-0 -> Vector(0), updateEducation-0 -> Vector(0), deleteProfessionalExperience-0 -> Vector(0), listCompanyCreatedEvents-0 -> Vector(0), getRegisteredEvents-0 -> Vector(0), registerForEvent-0 -> Vector(0), getPostedJobs-0 -> Vector(0), getAllConversationsOfAUser-0 -> Vector(0), deleteEducation-0 -> Vector(0), searchStudents-0 -> Vector(0), updateSkills-0 -> Vector(0), getSearchedEvent-0 -> Vector(0), createEducation-0 -> Vector(0), createEvent-0 -> Vector(0), getAllMessageOFAConversation-0 -> Vector(0), passport-0 -> Vector(0), updateCompanyProfile-0 -> Vector(0), signup-0 -> Vector(0), listCompanyPostedJobs-0 -> Vector(0), getStudentInfo-0 -> Vector(0), applyForJob-0 -> Vector(0), createProfessionalExperience-0 -> Vector(0), login-0 -> Vector(0), addMessageInAConversation-0 -> Vector(0), updateAppliedStudentJobStatus-0 -> Vector(0), updateStudentProfile-0 -> Vector(0), getStudentsRegisteredInAEvent-0 -> Vector(0), getStudentAllEducation-0 -> Vector(0), response_topic-0 -> Vector(0), getCompanyInfo-0 -> Vector(0), updateProfessionalExperience-0 -> Vector(0))) (kafka.controller.KafkaController)
[2020-04-07 14:20:26,245] DEBUG [Controller id=0] Topics not in preferred replica for broker 0 Map() (kafka.controller.KafkaController)
[2020-04-07 14:20:26,245] TRACE [Controller id=0] Leader imbalance ratio for broker 0 is 0.0 (kafka.controller.KafkaController)
[2020-04-07 14:25:26,260] TRACE [Controller id=0] Checking need to trigger auto leader balancing (kafka.controller.KafkaController)
[2020-04-07 14:25:26,262] DEBUG [Controller id=0] Preferred replicas by broker Map(0 -> Map(getAppliedJobs-0 -> Vector(0), createJobPost-0 -> Vector(0), updateEducation-0 -> Vector(0), deleteProfessionalExperience-0 -> Vector(0), listCompanyCreatedEvents-0 -> Vector(0), getRegisteredEvents-0 -> Vector(0), registerForEvent-0 -> Vector(0), getPostedJobs-0 -> Vector(0), getAllConversationsOfAUser-0 -> Vector(0), deleteEducation-0 -> Vector(0), searchStudents-0 -> Vector(0), updateSkills-0 -> Vector(0), getSearchedEvent-0 -> Vector(0), createEducation-0 -> Vector(0), createEvent-0 -> Vector(0), getAllMessageOFAConversation-0 -> Vector(0), passport-0 -> Vector(0), updateCompanyProfile-0 -> Vector(0), signup-0 -> Vector(0), listCompanyPostedJobs-0 -> Vector(0), getStudentInfo-0 -> Vector(0), applyForJob-0 -> Vector(0), createProfessionalExperience-0 -> Vector(0), login-0 -> Vector(0), addMessageInAConversation-0 -> Vector(0), updateAppliedStudentJobStatus-0 -> Vector(0), updateStudentProfile-0 -> Vector(0), getStudentsRegisteredInAEvent-0 -> Vector(0), getStudentAllEducation-0 -> Vector(0), response_topic-0 -> Vector(0), getCompanyInfo-0 -> Vector(0), updateProfessionalExperience-0 -> Vector(0))) (kafka.controller.KafkaController)
[2020-04-07 14:25:26,262] DEBUG [Controller id=0] Topics not in preferred replica for broker 0 Map() (kafka.controller.KafkaController)
[2020-04-07 14:25:26,262] TRACE [Controller id=0] Leader imbalance ratio for broker 0 is 0.0 (kafka.controller.KafkaController)
[2020-04-07 14:30:26,267] TRACE [Controller id=0] Checking need to trigger auto leader balancing (kafka.controller.KafkaController)
[2020-04-07 14:30:26,269] DEBUG [Controller id=0] Preferred replicas by broker Map(0 -> Map(getAppliedJobs-0 -> Vector(0), createJobPost-0 -> Vector(0), updateEducation-0 -> Vector(0), deleteProfessionalExperience-0 -> Vector(0), listCompanyCreatedEvents-0 -> Vector(0), getRegisteredEvents-0 -> Vector(0), registerForEvent-0 -> Vector(0), getPostedJobs-0 -> Vector(0), getAllConversationsOfAUser-0 -> Vector(0), deleteEducation-0 -> Vector(0), searchStudents-0 -> Vector(0), updateSkills-0 -> Vector(0), getSearchedEvent-0 -> Vector(0), createEducation-0 -> Vector(0), createEvent-0 -> Vector(0), getAllMessageOFAConversation-0 -> Vector(0), passport-0 -> Vector(0), updateCompanyProfile-0 -> Vector(0), signup-0 -> Vector(0), listCompanyPostedJobs-0 -> Vector(0), getStudentInfo-0 -> Vector(0), applyForJob-0 -> Vector(0), createProfessionalExperience-0 -> Vector(0), login-0 -> Vector(0), addMessageInAConversation-0 -> Vector(0), updateAppliedStudentJobStatus-0 -> Vector(0), updateStudentProfile-0 -> Vector(0), getStudentsRegisteredInAEvent-0 -> Vector(0), getStudentAllEducation-0 -> Vector(0), response_topic-0 -> Vector(0), getCompanyInfo-0 -> Vector(0), updateProfessionalExperience-0 -> Vector(0))) (kafka.controller.KafkaController)
[2020-04-07 14:30:26,269] DEBUG [Controller id=0] Topics not in preferred replica for broker 0 Map() (kafka.controller.KafkaController)
[2020-04-07 14:30:26,269] TRACE [Controller id=0] Leader imbalance ratio for broker 0 is 0.0 (kafka.controller.KafkaController)
[2020-04-07 14:32:29,459] INFO [Controller id=0] Shutting down broker 0 (kafka.controller.KafkaController)
[2020-04-07 14:32:29,459] DEBUG [Controller id=0] All shutting down brokers: 0 (kafka.controller.KafkaController)
[2020-04-07 14:32:29,460] DEBUG [Controller id=0] Live brokers:  (kafka.controller.KafkaController)
[2020-04-07 14:32:29,463] TRACE [Controller id=0] All leaders = getAppliedJobs-0 -> (Leader:0,ISR:0,LeaderEpoch:0,ControllerEpoch:1),createJobPost-0 -> (Leader:0,ISR:0,LeaderEpoch:0,ControllerEpoch:1),updateEducation-0 -> (Leader:0,ISR:0,LeaderEpoch:0,ControllerEpoch:1),deleteProfessionalExperience-0 -> (Leader:0,ISR:0,LeaderEpoch:0,ControllerEpoch:1),listCompanyCreatedEvents-0 -> (Leader:0,ISR:0,LeaderEpoch:0,ControllerEpoch:1),getRegisteredEvents-0 -> (Leader:0,ISR:0,LeaderEpoch:0,ControllerEpoch:1),registerForEvent-0 -> (Leader:0,ISR:0,LeaderEpoch:0,ControllerEpoch:1),getPostedJobs-0 -> (Leader:0,ISR:0,LeaderEpoch:0,ControllerEpoch:1),getAllConversationsOfAUser-0 -> (Leader:0,ISR:0,LeaderEpoch:0,ControllerEpoch:1),deleteEducation-0 -> (Leader:0,ISR:0,LeaderEpoch:0,ControllerEpoch:1),searchStudents-0 -> (Leader:0,ISR:0,LeaderEpoch:0,ControllerEpoch:1),updateSkills-0 -> (Leader:0,ISR:0,LeaderEpoch:0,ControllerEpoch:1),getSearchedEvent-0 -> (Leader:0,ISR:0,LeaderEpoch:0,ControllerEpoch:1),createEducation-0 -> (Leader:0,ISR:0,LeaderEpoch:0,ControllerEpoch:1),createEvent-0 -> (Leader:0,ISR:0,LeaderEpoch:0,ControllerEpoch:1),getAllMessageOFAConversation-0 -> (Leader:0,ISR:0,LeaderEpoch:0,ControllerEpoch:1),passport-0 -> (Leader:0,ISR:0,LeaderEpoch:0,ControllerEpoch:1),updateCompanyProfile-0 -> (Leader:0,ISR:0,LeaderEpoch:0,ControllerEpoch:1),signup-0 -> (Leader:0,ISR:0,LeaderEpoch:0,ControllerEpoch:1),createProfessionalExperience-0 -> (Leader:0,ISR:0,LeaderEpoch:0,ControllerEpoch:1),applyForJob-0 -> (Leader:0,ISR:0,LeaderEpoch:0,ControllerEpoch:1),getStudentInfo-0 -> (Leader:0,ISR:0,LeaderEpoch:0,ControllerEpoch:1),listCompanyPostedJobs-0 -> (Leader:0,ISR:0,LeaderEpoch:0,ControllerEpoch:1),login-0 -> (Leader:0,ISR:0,LeaderEpoch:0,ControllerEpoch:1),addMessageInAConversation-0 -> (Leader:0,ISR:0,LeaderEpoch:0,ControllerEpoch:1),updateAppliedStudentJobStatus-0 -> (Leader:0,ISR:0,LeaderEpoch:0,ControllerEpoch:1),updateStudentProfile-0 -> (Leader:0,ISR:0,LeaderEpoch:0,ControllerEpoch:1),getStudentsRegisteredInAEvent-0 -> (Leader:0,ISR:0,LeaderEpoch:0,ControllerEpoch:1),getStudentAllEducation-0 -> (Leader:0,ISR:0,LeaderEpoch:0,ControllerEpoch:1),response_topic-0 -> (Leader:0,ISR:0,LeaderEpoch:0,ControllerEpoch:1),updateProfessionalExperience-0 -> (Leader:0,ISR:0,LeaderEpoch:0,ControllerEpoch:1),getCompanyInfo-0 -> (Leader:0,ISR:0,LeaderEpoch:0,ControllerEpoch:1) (kafka.controller.KafkaController)
[2020-04-07 14:32:30,407] INFO [ControllerEventThread controllerId=0] Shutting down (kafka.controller.ControllerEventManager$ControllerEventThread)
[2020-04-07 14:32:30,407] INFO [ControllerEventThread controllerId=0] Stopped (kafka.controller.ControllerEventManager$ControllerEventThread)
[2020-04-07 14:32:30,407] INFO [ControllerEventThread controllerId=0] Shutdown completed (kafka.controller.ControllerEventManager$ControllerEventThread)
[2020-04-07 14:32:30,408] DEBUG [Controller id=0] Resigning (kafka.controller.KafkaController)
[2020-04-07 14:32:30,409] DEBUG [Controller id=0] Unregister BrokerModifications handler for Set(0) (kafka.controller.KafkaController)
[2020-04-07 14:32:30,412] INFO [PartitionStateMachine controllerId=0] Stopped partition state machine (kafka.controller.PartitionStateMachine)
[2020-04-07 14:32:30,413] INFO [ReplicaStateMachine controllerId=0] Stopped replica state machine (kafka.controller.ReplicaStateMachine)
[2020-04-07 14:32:30,414] INFO [RequestSendThread controllerId=0] Shutting down (kafka.controller.RequestSendThread)
[2020-04-07 14:32:30,414] INFO [RequestSendThread controllerId=0] Stopped (kafka.controller.RequestSendThread)
[2020-04-07 14:32:30,414] INFO [RequestSendThread controllerId=0] Shutdown completed (kafka.controller.RequestSendThread)
[2020-04-07 14:32:30,416] INFO [Controller id=0] Resigned (kafka.controller.KafkaController)
[2020-04-07 14:34:00,289] DEBUG preRegister called. Server=com.sun.jmx.mbeanserver.JmxMBeanServer@66d3c617, name=log4j:logger=kafka.controller (kafka.controller)
[2020-04-07 14:34:39,839] INFO [ControllerEventThread controllerId=0] Starting (kafka.controller.ControllerEventManager$ControllerEventThread)
[2020-04-07 14:34:39,854] INFO [Controller id=0] 0 successfully elected as the controller (kafka.controller.KafkaController)
[2020-04-07 14:34:39,855] INFO [Controller id=0] Reading controller epoch from ZooKeeper (kafka.controller.KafkaController)
[2020-04-07 14:34:39,857] INFO [Controller id=0] Initialized controller epoch to 1 and zk version 0 (kafka.controller.KafkaController)
[2020-04-07 14:34:39,857] INFO [Controller id=0] Incrementing controller epoch in ZooKeeper (kafka.controller.KafkaController)
[2020-04-07 14:34:39,863] INFO [Controller id=0] Epoch incremented to 2 (kafka.controller.KafkaController)
[2020-04-07 14:34:39,864] INFO [Controller id=0] Registering handlers (kafka.controller.KafkaController)
[2020-04-07 14:34:39,868] INFO [Controller id=0] Deleting log dir event notifications (kafka.controller.KafkaController)
[2020-04-07 14:34:39,870] INFO [Controller id=0] Deleting isr change notifications (kafka.controller.KafkaController)
[2020-04-07 14:34:39,873] INFO [Controller id=0] Initializing controller context (kafka.controller.KafkaController)
[2020-04-07 14:34:39,932] DEBUG [Controller id=0] Register BrokerModifications handler for Set(0) (kafka.controller.KafkaController)
[2020-04-07 14:34:39,960] DEBUG [Channel manager on controller 0]: Controller 0 trying to connect to broker 0 (kafka.controller.ControllerChannelManager)
[2020-04-07 14:34:39,969] INFO [RequestSendThread controllerId=0] Starting (kafka.controller.RequestSendThread)
[2020-04-07 14:34:39,971] INFO [Controller id=0] Partitions being reassigned: Map() (kafka.controller.KafkaController)
[2020-04-07 14:34:39,972] INFO [Controller id=0] Currently active brokers in the cluster: Set(0) (kafka.controller.KafkaController)
[2020-04-07 14:34:39,973] INFO [Controller id=0] Currently shutting brokers in the cluster: Set() (kafka.controller.KafkaController)
[2020-04-07 14:34:39,973] INFO [Controller id=0] Current list of topics in the cluster: Set(getStudentAllEducation, deleteProfessionalExperience, updateCompanyProfile, listCompanyCreatedEvents, createProfessionalExperience, registerForEvent, applyForJob, getSearchedEvent, getRegisteredEvents, getAllConversationsOfAUser, getStudentInfo, response_topic, passport, listCompanyPostedJobs, createEducation, getAppliedJobs, deleteEducation, getAllMessageOFAConversation, updateProfessionalExperience, createEvent, updateAppliedStudentJobStatus, addMessageInAConversation, updateSkills, searchStudents, signup, login, getStudentsRegisteredInAEvent, getCompanyInfo, getPostedJobs, updateEducation, createJobPost, updateStudentProfile) (kafka.controller.KafkaController)
[2020-04-07 14:34:39,974] INFO [Controller id=0] Fetching topic deletions in progress (kafka.controller.KafkaController)
[2020-04-07 14:34:39,979] INFO [Controller id=0] List of topics to be deleted:  (kafka.controller.KafkaController)
[2020-04-07 14:34:39,980] INFO [Controller id=0] List of topics ineligible for deletion:  (kafka.controller.KafkaController)
[2020-04-07 14:34:39,980] INFO [Controller id=0] Initializing topic deletion manager (kafka.controller.KafkaController)
[2020-04-07 14:34:39,981] INFO [Controller id=0] Sending update metadata request (kafka.controller.KafkaController)
[2020-04-07 14:34:40,008] INFO [ReplicaStateMachine controllerId=0] Initializing replica state (kafka.controller.ReplicaStateMachine)
[2020-04-07 14:34:40,017] INFO [RequestSendThread controllerId=0] Controller 0 connected to 10.233.60.81:9092 (id: 0 rack: null) for sending state change requests (kafka.controller.RequestSendThread)
[2020-04-07 14:34:40,035] INFO [ReplicaStateMachine controllerId=0] Triggering online replica state changes (kafka.controller.ReplicaStateMachine)
[2020-04-07 14:34:40,100] INFO [ReplicaStateMachine controllerId=0] Started replica state machine with initial state -> Map([Topic=registerForEvent,Partition=0,Replica=0] -> OnlineReplica, [Topic=getCompanyInfo,Partition=0,Replica=0] -> OnlineReplica, [Topic=updateProfessionalExperience,Partition=0,Replica=0] -> OnlineReplica, [Topic=getStudentInfo,Partition=0,Replica=0] -> OnlineReplica, [Topic=addMessageInAConversation,Partition=0,Replica=0] -> OnlineReplica, [Topic=applyForJob,Partition=0,Replica=0] -> OnlineReplica, [Topic=createEducation,Partition=0,Replica=0] -> OnlineReplica, [Topic=deleteProfessionalExperience,Partition=0,Replica=0] -> OnlineReplica, [Topic=login,Partition=0,Replica=0] -> OnlineReplica, [Topic=getAllConversationsOfAUser,Partition=0,Replica=0] -> OnlineReplica, [Topic=signup,Partition=0,Replica=0] -> OnlineReplica, [Topic=updateEducation,Partition=0,Replica=0] -> OnlineReplica, [Topic=getRegisteredEvents,Partition=0,Replica=0] -> OnlineReplica, [Topic=listCompanyPostedJobs,Partition=0,Replica=0] -> OnlineReplica, [Topic=deleteEducation,Partition=0,Replica=0] -> OnlineReplica, [Topic=createEvent,Partition=0,Replica=0] -> OnlineReplica, [Topic=getStudentsRegisteredInAEvent,Partition=0,Replica=0] -> OnlineReplica, [Topic=updateSkills,Partition=0,Replica=0] -> OnlineReplica, [Topic=getPostedJobs,Partition=0,Replica=0] -> OnlineReplica, [Topic=updateCompanyProfile,Partition=0,Replica=0] -> OnlineReplica, [Topic=getAppliedJobs,Partition=0,Replica=0] -> OnlineReplica, [Topic=getSearchedEvent,Partition=0,Replica=0] -> OnlineReplica, [Topic=updateStudentProfile,Partition=0,Replica=0] -> OnlineReplica, [Topic=getAllMessageOFAConversation,Partition=0,Replica=0] -> OnlineReplica, [Topic=response_topic,Partition=0,Replica=0] -> OnlineReplica, [Topic=createJobPost,Partition=0,Replica=0] -> OnlineReplica, [Topic=updateAppliedStudentJobStatus,Partition=0,Replica=0] -> OnlineReplica, [Topic=passport,Partition=0,Replica=0] -> OnlineReplica, [Topic=getStudentAllEducation,Partition=0,Replica=0] -> OnlineReplica, [Topic=createProfessionalExperience,Partition=0,Replica=0] -> OnlineReplica, [Topic=listCompanyCreatedEvents,Partition=0,Replica=0] -> OnlineReplica, [Topic=searchStudents,Partition=0,Replica=0] -> OnlineReplica) (kafka.controller.ReplicaStateMachine)
[2020-04-07 14:34:40,101] INFO [PartitionStateMachine controllerId=0] Initializing partition state (kafka.controller.PartitionStateMachine)
[2020-04-07 14:34:40,107] INFO [PartitionStateMachine controllerId=0] Triggering online partition state changes (kafka.controller.PartitionStateMachine)
[2020-04-07 14:34:40,110] INFO [PartitionStateMachine controllerId=0] Started partition state machine with initial state -> Map(getAppliedJobs-0 -> OnlinePartition, createJobPost-0 -> OnlinePartition, updateEducation-0 -> OnlinePartition, deleteProfessionalExperience-0 -> OnlinePartition, listCompanyCreatedEvents-0 -> OnlinePartition, getRegisteredEvents-0 -> OnlinePartition, registerForEvent-0 -> OnlinePartition, getPostedJobs-0 -> OnlinePartition, getAllConversationsOfAUser-0 -> OnlinePartition, deleteEducation-0 -> OnlinePartition, searchStudents-0 -> OnlinePartition, getSearchedEvent-0 -> OnlinePartition, updateSkills-0 -> OnlinePartition, createEducation-0 -> OnlinePartition, createEvent-0 -> OnlinePartition, getAllMessageOFAConversation-0 -> OnlinePartition, passport-0 -> OnlinePartition, signup-0 -> OnlinePartition, updateCompanyProfile-0 -> OnlinePartition, listCompanyPostedJobs-0 -> OnlinePartition, createProfessionalExperience-0 -> OnlinePartition, getStudentInfo-0 -> OnlinePartition, applyForJob-0 -> OnlinePartition, login-0 -> OnlinePartition, addMessageInAConversation-0 -> OnlinePartition, updateAppliedStudentJobStatus-0 -> OnlinePartition, updateStudentProfile-0 -> OnlinePartition, getStudentsRegisteredInAEvent-0 -> OnlinePartition, getStudentAllEducation-0 -> OnlinePartition, response_topic-0 -> OnlinePartition, updateProfessionalExperience-0 -> OnlinePartition, getCompanyInfo-0 -> OnlinePartition) (kafka.controller.PartitionStateMachine)
[2020-04-07 14:34:40,111] INFO [Controller id=0] Ready to serve as the new controller with epoch 2 (kafka.controller.KafkaController)
[2020-04-07 14:34:40,119] INFO [Controller id=0] Partitions undergoing preferred replica election:  (kafka.controller.KafkaController)
[2020-04-07 14:34:40,132] INFO [Controller id=0] Partitions that completed preferred replica election:  (kafka.controller.KafkaController)
[2020-04-07 14:34:40,132] INFO [Controller id=0] Skipping preferred replica election for partitions due to topic deletion:  (kafka.controller.KafkaController)
[2020-04-07 14:34:40,133] INFO [Controller id=0] Resuming preferred replica election for partitions:  (kafka.controller.KafkaController)
[2020-04-07 14:34:40,134] INFO [Controller id=0] Starting preferred replica leader election for partitions  (kafka.controller.KafkaController)
[2020-04-07 14:34:40,144] INFO [Controller id=0] Starting the controller scheduler (kafka.controller.KafkaController)
[2020-04-07 14:34:45,149] TRACE [Controller id=0] Checking need to trigger auto leader balancing (kafka.controller.KafkaController)
[2020-04-07 14:34:45,152] DEBUG [Controller id=0] Preferred replicas by broker Map(0 -> Map(getAppliedJobs-0 -> Vector(0), createJobPost-0 -> Vector(0), updateEducation-0 -> Vector(0), deleteProfessionalExperience-0 -> Vector(0), listCompanyCreatedEvents-0 -> Vector(0), getRegisteredEvents-0 -> Vector(0), registerForEvent-0 -> Vector(0), getPostedJobs-0 -> Vector(0), getAllConversationsOfAUser-0 -> Vector(0), deleteEducation-0 -> Vector(0), searchStudents-0 -> Vector(0), getSearchedEvent-0 -> Vector(0), updateSkills-0 -> Vector(0), createEducation-0 -> Vector(0), createEvent-0 -> Vector(0), getAllMessageOFAConversation-0 -> Vector(0), passport-0 -> Vector(0), signup-0 -> Vector(0), updateCompanyProfile-0 -> Vector(0), listCompanyPostedJobs-0 -> Vector(0), createProfessionalExperience-0 -> Vector(0), getStudentInfo-0 -> Vector(0), applyForJob-0 -> Vector(0), login-0 -> Vector(0), addMessageInAConversation-0 -> Vector(0), updateAppliedStudentJobStatus-0 -> Vector(0), updateStudentProfile-0 -> Vector(0), getStudentsRegisteredInAEvent-0 -> Vector(0), getStudentAllEducation-0 -> Vector(0), response_topic-0 -> Vector(0), updateProfessionalExperience-0 -> Vector(0), getCompanyInfo-0 -> Vector(0))) (kafka.controller.KafkaController)
[2020-04-07 14:34:45,154] DEBUG [Controller id=0] Topics not in preferred replica for broker 0 Map() (kafka.controller.KafkaController)
[2020-04-07 14:34:45,154] TRACE [Controller id=0] Leader imbalance ratio for broker 0 is 0.0 (kafka.controller.KafkaController)
[2020-04-07 14:39:45,214] TRACE [Controller id=0] Checking need to trigger auto leader balancing (kafka.controller.KafkaController)
[2020-04-07 14:39:45,216] DEBUG [Controller id=0] Preferred replicas by broker Map(0 -> Map(getAppliedJobs-0 -> Vector(0), createJobPost-0 -> Vector(0), updateEducation-0 -> Vector(0), deleteProfessionalExperience-0 -> Vector(0), listCompanyCreatedEvents-0 -> Vector(0), getRegisteredEvents-0 -> Vector(0), registerForEvent-0 -> Vector(0), getPostedJobs-0 -> Vector(0), getAllConversationsOfAUser-0 -> Vector(0), deleteEducation-0 -> Vector(0), searchStudents-0 -> Vector(0), getSearchedEvent-0 -> Vector(0), updateSkills-0 -> Vector(0), createEducation-0 -> Vector(0), createEvent-0 -> Vector(0), getAllMessageOFAConversation-0 -> Vector(0), passport-0 -> Vector(0), signup-0 -> Vector(0), updateCompanyProfile-0 -> Vector(0), listCompanyPostedJobs-0 -> Vector(0), createProfessionalExperience-0 -> Vector(0), getStudentInfo-0 -> Vector(0), applyForJob-0 -> Vector(0), login-0 -> Vector(0), addMessageInAConversation-0 -> Vector(0), updateAppliedStudentJobStatus-0 -> Vector(0), updateStudentProfile-0 -> Vector(0), getStudentsRegisteredInAEvent-0 -> Vector(0), getStudentAllEducation-0 -> Vector(0), response_topic-0 -> Vector(0), updateProfessionalExperience-0 -> Vector(0), getCompanyInfo-0 -> Vector(0))) (kafka.controller.KafkaController)
[2020-04-07 14:39:45,216] DEBUG [Controller id=0] Topics not in preferred replica for broker 0 Map() (kafka.controller.KafkaController)
[2020-04-07 14:39:45,216] TRACE [Controller id=0] Leader imbalance ratio for broker 0 is 0.0 (kafka.controller.KafkaController)
[2020-04-07 14:40:13,522] DEBUG preRegister called. Server=com.sun.jmx.mbeanserver.JmxMBeanServer@66d3c617, name=log4j:logger=kafka.controller (kafka.controller)
[2020-04-07 14:40:18,818] INFO [Controller id=0] Shutting down broker 0 (kafka.controller.KafkaController)
[2020-04-07 14:40:18,819] DEBUG [Controller id=0] All shutting down brokers: 0 (kafka.controller.KafkaController)
[2020-04-07 14:40:18,820] DEBUG [Controller id=0] Live brokers:  (kafka.controller.KafkaController)
[2020-04-07 14:40:18,824] TRACE [Controller id=0] All leaders = getAppliedJobs-0 -> (Leader:0,ISR:0,LeaderEpoch:0,ControllerEpoch:1),createJobPost-0 -> (Leader:0,ISR:0,LeaderEpoch:0,ControllerEpoch:1),updateEducation-0 -> (Leader:0,ISR:0,LeaderEpoch:0,ControllerEpoch:1),deleteProfessionalExperience-0 -> (Leader:0,ISR:0,LeaderEpoch:0,ControllerEpoch:1),listCompanyCreatedEvents-0 -> (Leader:0,ISR:0,LeaderEpoch:0,ControllerEpoch:1),getRegisteredEvents-0 -> (Leader:0,ISR:0,LeaderEpoch:0,ControllerEpoch:1),registerForEvent-0 -> (Leader:0,ISR:0,LeaderEpoch:0,ControllerEpoch:1),getAllConversationsOfAUser-0 -> (Leader:0,ISR:0,LeaderEpoch:0,ControllerEpoch:1),getPostedJobs-0 -> (Leader:0,ISR:0,LeaderEpoch:0,ControllerEpoch:1),deleteEducation-0 -> (Leader:0,ISR:0,LeaderEpoch:0,ControllerEpoch:1),searchStudents-0 -> (Leader:0,ISR:0,LeaderEpoch:0,ControllerEpoch:1),updateSkills-0 -> (Leader:0,ISR:0,LeaderEpoch:0,ControllerEpoch:1),getSearchedEvent-0 -> (Leader:0,ISR:0,LeaderEpoch:0,ControllerEpoch:1),createEducation-0 -> (Leader:0,ISR:0,LeaderEpoch:0,ControllerEpoch:1),createEvent-0 -> (Leader:0,ISR:0,LeaderEpoch:0,ControllerEpoch:1),getAllMessageOFAConversation-0 -> (Leader:0,ISR:0,LeaderEpoch:0,ControllerEpoch:1),passport-0 -> (Leader:0,ISR:0,LeaderEpoch:0,ControllerEpoch:1),signup-0 -> (Leader:0,ISR:0,LeaderEpoch:0,ControllerEpoch:1),updateCompanyProfile-0 -> (Leader:0,ISR:0,LeaderEpoch:0,ControllerEpoch:1),listCompanyPostedJobs-0 -> (Leader:0,ISR:0,LeaderEpoch:0,ControllerEpoch:1),createProfessionalExperience-0 -> (Leader:0,ISR:0,LeaderEpoch:0,ControllerEpoch:1),getStudentInfo-0 -> (Leader:0,ISR:0,LeaderEpoch:0,ControllerEpoch:1),applyForJob-0 -> (Leader:0,ISR:0,LeaderEpoch:0,ControllerEpoch:1),login-0 -> (Leader:0,ISR:0,LeaderEpoch:0,ControllerEpoch:1),addMessageInAConversation-0 -> (Leader:0,ISR:0,LeaderEpoch:0,ControllerEpoch:1),updateAppliedStudentJobStatus-0 -> (Leader:0,ISR:0,LeaderEpoch:0,ControllerEpoch:1),updateStudentProfile-0 -> (Leader:0,ISR:0,LeaderEpoch:0,ControllerEpoch:1),getStudentsRegisteredInAEvent-0 -> (Leader:0,ISR:0,LeaderEpoch:0,ControllerEpoch:1),getStudentAllEducation-0 -> (Leader:0,ISR:0,LeaderEpoch:0,ControllerEpoch:1),response_topic-0 -> (Leader:0,ISR:0,LeaderEpoch:0,ControllerEpoch:1),getCompanyInfo-0 -> (Leader:0,ISR:0,LeaderEpoch:0,ControllerEpoch:1),updateProfessionalExperience-0 -> (Leader:0,ISR:0,LeaderEpoch:0,ControllerEpoch:1) (kafka.controller.KafkaController)
[2020-04-07 14:40:19,862] INFO [ControllerEventThread controllerId=0] Shutting down (kafka.controller.ControllerEventManager$ControllerEventThread)
[2020-04-07 14:40:19,862] INFO [ControllerEventThread controllerId=0] Stopped (kafka.controller.ControllerEventManager$ControllerEventThread)
[2020-04-07 14:40:19,862] INFO [ControllerEventThread controllerId=0] Shutdown completed (kafka.controller.ControllerEventManager$ControllerEventThread)
[2020-04-07 14:40:19,863] DEBUG [Controller id=0] Resigning (kafka.controller.KafkaController)
[2020-04-07 14:40:19,864] DEBUG [Controller id=0] Unregister BrokerModifications handler for Set(0) (kafka.controller.KafkaController)
[2020-04-07 14:40:19,866] INFO [PartitionStateMachine controllerId=0] Stopped partition state machine (kafka.controller.PartitionStateMachine)
[2020-04-07 14:40:19,868] INFO [ReplicaStateMachine controllerId=0] Stopped replica state machine (kafka.controller.ReplicaStateMachine)
[2020-04-07 14:40:19,869] INFO [RequestSendThread controllerId=0] Shutting down (kafka.controller.RequestSendThread)
[2020-04-07 14:40:19,869] INFO [RequestSendThread controllerId=0] Shutdown completed (kafka.controller.RequestSendThread)
[2020-04-07 14:40:19,869] INFO [RequestSendThread controllerId=0] Stopped (kafka.controller.RequestSendThread)
[2020-04-07 14:40:19,871] INFO [Controller id=0] Resigned (kafka.controller.KafkaController)
[2020-04-07 14:40:59,725] DEBUG preRegister called. Server=com.sun.jmx.mbeanserver.JmxMBeanServer@66d3c617, name=log4j:logger=kafka.controller (kafka.controller)
[2020-04-07 14:41:39,993] INFO [ControllerEventThread controllerId=0] Starting (kafka.controller.ControllerEventManager$ControllerEventThread)
[2020-04-07 14:41:40,012] INFO [Controller id=0] 0 successfully elected as the controller (kafka.controller.KafkaController)
[2020-04-07 14:41:40,012] INFO [Controller id=0] Reading controller epoch from ZooKeeper (kafka.controller.KafkaController)
[2020-04-07 14:41:40,015] INFO [Controller id=0] Initialized controller epoch to 2 and zk version 1 (kafka.controller.KafkaController)
[2020-04-07 14:41:40,015] INFO [Controller id=0] Incrementing controller epoch in ZooKeeper (kafka.controller.KafkaController)
[2020-04-07 14:41:40,022] INFO [Controller id=0] Epoch incremented to 3 (kafka.controller.KafkaController)
[2020-04-07 14:41:40,022] INFO [Controller id=0] Registering handlers (kafka.controller.KafkaController)
[2020-04-07 14:41:40,026] INFO [Controller id=0] Deleting log dir event notifications (kafka.controller.KafkaController)
[2020-04-07 14:41:40,028] INFO [Controller id=0] Deleting isr change notifications (kafka.controller.KafkaController)
[2020-04-07 14:41:40,031] INFO [Controller id=0] Initializing controller context (kafka.controller.KafkaController)
[2020-04-07 14:41:40,098] DEBUG [Controller id=0] Register BrokerModifications handler for Set(0) (kafka.controller.KafkaController)
[2020-04-07 14:41:40,132] DEBUG [Channel manager on controller 0]: Controller 0 trying to connect to broker 0 (kafka.controller.ControllerChannelManager)
[2020-04-07 14:41:40,145] INFO [RequestSendThread controllerId=0] Starting (kafka.controller.RequestSendThread)
[2020-04-07 14:41:40,148] INFO [Controller id=0] Partitions being reassigned: Map() (kafka.controller.KafkaController)
[2020-04-07 14:41:40,149] INFO [Controller id=0] Currently active brokers in the cluster: Set(0) (kafka.controller.KafkaController)
[2020-04-07 14:41:40,150] INFO [Controller id=0] Currently shutting brokers in the cluster: Set() (kafka.controller.KafkaController)
[2020-04-07 14:41:40,151] INFO [Controller id=0] Current list of topics in the cluster: Set(getStudentAllEducation, deleteProfessionalExperience, updateCompanyProfile, listCompanyCreatedEvents, createProfessionalExperience, registerForEvent, applyForJob, getSearchedEvent, getRegisteredEvents, getAllConversationsOfAUser, getStudentInfo, response_topic, passport, listCompanyPostedJobs, createEducation, getAppliedJobs, deleteEducation, getAllMessageOFAConversation, updateProfessionalExperience, createEvent, updateAppliedStudentJobStatus, addMessageInAConversation, updateSkills, searchStudents, signup, login, getStudentsRegisteredInAEvent, getCompanyInfo, getPostedJobs, updateEducation, createJobPost, updateStudentProfile) (kafka.controller.KafkaController)
[2020-04-07 14:41:40,151] INFO [Controller id=0] Fetching topic deletions in progress (kafka.controller.KafkaController)
[2020-04-07 14:41:40,157] INFO [Controller id=0] List of topics to be deleted:  (kafka.controller.KafkaController)
[2020-04-07 14:41:40,158] INFO [Controller id=0] List of topics ineligible for deletion:  (kafka.controller.KafkaController)
[2020-04-07 14:41:40,158] INFO [Controller id=0] Initializing topic deletion manager (kafka.controller.KafkaController)
[2020-04-07 14:41:40,159] INFO [Controller id=0] Sending update metadata request (kafka.controller.KafkaController)
[2020-04-07 14:41:40,179] INFO [ReplicaStateMachine controllerId=0] Initializing replica state (kafka.controller.ReplicaStateMachine)
[2020-04-07 14:41:40,197] INFO [ReplicaStateMachine controllerId=0] Triggering online replica state changes (kafka.controller.ReplicaStateMachine)
[2020-04-07 14:41:40,198] INFO [RequestSendThread controllerId=0] Controller 0 connected to 10.233.60.81:9092 (id: 0 rack: null) for sending state change requests (kafka.controller.RequestSendThread)
[2020-04-07 14:41:40,245] INFO [ReplicaStateMachine controllerId=0] Started replica state machine with initial state -> Map([Topic=registerForEvent,Partition=0,Replica=0] -> OnlineReplica, [Topic=getCompanyInfo,Partition=0,Replica=0] -> OnlineReplica, [Topic=updateProfessionalExperience,Partition=0,Replica=0] -> OnlineReplica, [Topic=getStudentInfo,Partition=0,Replica=0] -> OnlineReplica, [Topic=addMessageInAConversation,Partition=0,Replica=0] -> OnlineReplica, [Topic=applyForJob,Partition=0,Replica=0] -> OnlineReplica, [Topic=createEducation,Partition=0,Replica=0] -> OnlineReplica, [Topic=deleteProfessionalExperience,Partition=0,Replica=0] -> OnlineReplica, [Topic=login,Partition=0,Replica=0] -> OnlineReplica, [Topic=getAllConversationsOfAUser,Partition=0,Replica=0] -> OnlineReplica, [Topic=signup,Partition=0,Replica=0] -> OnlineReplica, [Topic=updateEducation,Partition=0,Replica=0] -> OnlineReplica, [Topic=getRegisteredEvents,Partition=0,Replica=0] -> OnlineReplica, [Topic=listCompanyPostedJobs,Partition=0,Replica=0] -> OnlineReplica, [Topic=deleteEducation,Partition=0,Replica=0] -> OnlineReplica, [Topic=createEvent,Partition=0,Replica=0] -> OnlineReplica, [Topic=getStudentsRegisteredInAEvent,Partition=0,Replica=0] -> OnlineReplica, [Topic=updateSkills,Partition=0,Replica=0] -> OnlineReplica, [Topic=getPostedJobs,Partition=0,Replica=0] -> OnlineReplica, [Topic=updateCompanyProfile,Partition=0,Replica=0] -> OnlineReplica, [Topic=getAppliedJobs,Partition=0,Replica=0] -> OnlineReplica, [Topic=getSearchedEvent,Partition=0,Replica=0] -> OnlineReplica, [Topic=updateStudentProfile,Partition=0,Replica=0] -> OnlineReplica, [Topic=getAllMessageOFAConversation,Partition=0,Replica=0] -> OnlineReplica, [Topic=response_topic,Partition=0,Replica=0] -> OnlineReplica, [Topic=createJobPost,Partition=0,Replica=0] -> OnlineReplica, [Topic=updateAppliedStudentJobStatus,Partition=0,Replica=0] -> OnlineReplica, [Topic=passport,Partition=0,Replica=0] -> OnlineReplica, [Topic=getStudentAllEducation,Partition=0,Replica=0] -> OnlineReplica, [Topic=createProfessionalExperience,Partition=0,Replica=0] -> OnlineReplica, [Topic=listCompanyCreatedEvents,Partition=0,Replica=0] -> OnlineReplica, [Topic=searchStudents,Partition=0,Replica=0] -> OnlineReplica) (kafka.controller.ReplicaStateMachine)
[2020-04-07 14:41:40,245] INFO [PartitionStateMachine controllerId=0] Initializing partition state (kafka.controller.PartitionStateMachine)
[2020-04-07 14:41:40,249] INFO [PartitionStateMachine controllerId=0] Triggering online partition state changes (kafka.controller.PartitionStateMachine)
[2020-04-07 14:41:40,252] INFO [PartitionStateMachine controllerId=0] Started partition state machine with initial state -> Map(getAppliedJobs-0 -> OnlinePartition, createJobPost-0 -> OnlinePartition, updateEducation-0 -> OnlinePartition, deleteProfessionalExperience-0 -> OnlinePartition, listCompanyCreatedEvents-0 -> OnlinePartition, getRegisteredEvents-0 -> OnlinePartition, registerForEvent-0 -> OnlinePartition, getPostedJobs-0 -> OnlinePartition, getAllConversationsOfAUser-0 -> OnlinePartition, deleteEducation-0 -> OnlinePartition, searchStudents-0 -> OnlinePartition, getSearchedEvent-0 -> OnlinePartition, updateSkills-0 -> OnlinePartition, createEducation-0 -> OnlinePartition, createEvent-0 -> OnlinePartition, getAllMessageOFAConversation-0 -> OnlinePartition, passport-0 -> OnlinePartition, signup-0 -> OnlinePartition, updateCompanyProfile-0 -> OnlinePartition, listCompanyPostedJobs-0 -> OnlinePartition, createProfessionalExperience-0 -> OnlinePartition, getStudentInfo-0 -> OnlinePartition, applyForJob-0 -> OnlinePartition, login-0 -> OnlinePartition, addMessageInAConversation-0 -> OnlinePartition, updateAppliedStudentJobStatus-0 -> OnlinePartition, updateStudentProfile-0 -> OnlinePartition, getStudentsRegisteredInAEvent-0 -> OnlinePartition, getStudentAllEducation-0 -> OnlinePartition, response_topic-0 -> OnlinePartition, updateProfessionalExperience-0 -> OnlinePartition, getCompanyInfo-0 -> OnlinePartition) (kafka.controller.PartitionStateMachine)
[2020-04-07 14:41:40,252] INFO [Controller id=0] Ready to serve as the new controller with epoch 3 (kafka.controller.KafkaController)
[2020-04-07 14:41:40,257] INFO [Controller id=0] Partitions undergoing preferred replica election:  (kafka.controller.KafkaController)
[2020-04-07 14:41:40,257] INFO [Controller id=0] Partitions that completed preferred replica election:  (kafka.controller.KafkaController)
[2020-04-07 14:41:40,258] INFO [Controller id=0] Skipping preferred replica election for partitions due to topic deletion:  (kafka.controller.KafkaController)
[2020-04-07 14:41:40,259] INFO [Controller id=0] Resuming preferred replica election for partitions:  (kafka.controller.KafkaController)
[2020-04-07 14:41:40,259] INFO [Controller id=0] Starting preferred replica leader election for partitions  (kafka.controller.KafkaController)
[2020-04-07 14:41:40,269] INFO [Controller id=0] Starting the controller scheduler (kafka.controller.KafkaController)
[2020-04-07 14:41:45,275] TRACE [Controller id=0] Checking need to trigger auto leader balancing (kafka.controller.KafkaController)
[2020-04-07 14:41:45,278] DEBUG [Controller id=0] Preferred replicas by broker Map(0 -> Map(getAppliedJobs-0 -> Vector(0), createJobPost-0 -> Vector(0), updateEducation-0 -> Vector(0), deleteProfessionalExperience-0 -> Vector(0), listCompanyCreatedEvents-0 -> Vector(0), getRegisteredEvents-0 -> Vector(0), registerForEvent-0 -> Vector(0), getPostedJobs-0 -> Vector(0), getAllConversationsOfAUser-0 -> Vector(0), deleteEducation-0 -> Vector(0), searchStudents-0 -> Vector(0), getSearchedEvent-0 -> Vector(0), updateSkills-0 -> Vector(0), createEducation-0 -> Vector(0), createEvent-0 -> Vector(0), getAllMessageOFAConversation-0 -> Vector(0), passport-0 -> Vector(0), signup-0 -> Vector(0), updateCompanyProfile-0 -> Vector(0), listCompanyPostedJobs-0 -> Vector(0), createProfessionalExperience-0 -> Vector(0), getStudentInfo-0 -> Vector(0), applyForJob-0 -> Vector(0), login-0 -> Vector(0), addMessageInAConversation-0 -> Vector(0), updateAppliedStudentJobStatus-0 -> Vector(0), updateStudentProfile-0 -> Vector(0), getStudentsRegisteredInAEvent-0 -> Vector(0), getStudentAllEducation-0 -> Vector(0), response_topic-0 -> Vector(0), updateProfessionalExperience-0 -> Vector(0), getCompanyInfo-0 -> Vector(0))) (kafka.controller.KafkaController)
[2020-04-07 14:41:45,280] DEBUG [Controller id=0] Topics not in preferred replica for broker 0 Map() (kafka.controller.KafkaController)
[2020-04-07 14:41:45,280] TRACE [Controller id=0] Leader imbalance ratio for broker 0 is 0.0 (kafka.controller.KafkaController)
[2020-04-07 14:44:41,063] INFO [Controller id=0] Shutting down broker 0 (kafka.controller.KafkaController)
[2020-04-07 14:44:41,063] DEBUG [Controller id=0] All shutting down brokers: 0 (kafka.controller.KafkaController)
[2020-04-07 14:44:41,063] DEBUG [Controller id=0] Live brokers:  (kafka.controller.KafkaController)
[2020-04-07 14:44:41,069] TRACE [Controller id=0] All leaders = getAppliedJobs-0 -> (Leader:0,ISR:0,LeaderEpoch:0,ControllerEpoch:1),createJobPost-0 -> (Leader:0,ISR:0,LeaderEpoch:0,ControllerEpoch:1),updateEducation-0 -> (Leader:0,ISR:0,LeaderEpoch:0,ControllerEpoch:1),deleteProfessionalExperience-0 -> (Leader:0,ISR:0,LeaderEpoch:0,ControllerEpoch:1),listCompanyCreatedEvents-0 -> (Leader:0,ISR:0,LeaderEpoch:0,ControllerEpoch:1),getRegisteredEvents-0 -> (Leader:0,ISR:0,LeaderEpoch:0,ControllerEpoch:1),registerForEvent-0 -> (Leader:0,ISR:0,LeaderEpoch:0,ControllerEpoch:1),getAllConversationsOfAUser-0 -> (Leader:0,ISR:0,LeaderEpoch:0,ControllerEpoch:1),getPostedJobs-0 -> (Leader:0,ISR:0,LeaderEpoch:0,ControllerEpoch:1),deleteEducation-0 -> (Leader:0,ISR:0,LeaderEpoch:0,ControllerEpoch:1),searchStudents-0 -> (Leader:0,ISR:0,LeaderEpoch:0,ControllerEpoch:1),updateSkills-0 -> (Leader:0,ISR:0,LeaderEpoch:0,ControllerEpoch:1),getSearchedEvent-0 -> (Leader:0,ISR:0,LeaderEpoch:0,ControllerEpoch:1),createEducation-0 -> (Leader:0,ISR:0,LeaderEpoch:0,ControllerEpoch:1),createEvent-0 -> (Leader:0,ISR:0,LeaderEpoch:0,ControllerEpoch:1),getAllMessageOFAConversation-0 -> (Leader:0,ISR:0,LeaderEpoch:0,ControllerEpoch:1),passport-0 -> (Leader:0,ISR:0,LeaderEpoch:0,ControllerEpoch:1),signup-0 -> (Leader:0,ISR:0,LeaderEpoch:0,ControllerEpoch:1),updateCompanyProfile-0 -> (Leader:0,ISR:0,LeaderEpoch:0,ControllerEpoch:1),listCompanyPostedJobs-0 -> (Leader:0,ISR:0,LeaderEpoch:0,ControllerEpoch:1),createProfessionalExperience-0 -> (Leader:0,ISR:0,LeaderEpoch:0,ControllerEpoch:1),getStudentInfo-0 -> (Leader:0,ISR:0,LeaderEpoch:0,ControllerEpoch:1),applyForJob-0 -> (Leader:0,ISR:0,LeaderEpoch:0,ControllerEpoch:1),login-0 -> (Leader:0,ISR:0,LeaderEpoch:0,ControllerEpoch:1),addMessageInAConversation-0 -> (Leader:0,ISR:0,LeaderEpoch:0,ControllerEpoch:1),updateAppliedStudentJobStatus-0 -> (Leader:0,ISR:0,LeaderEpoch:0,ControllerEpoch:1),updateStudentProfile-0 -> (Leader:0,ISR:0,LeaderEpoch:0,ControllerEpoch:1),getStudentsRegisteredInAEvent-0 -> (Leader:0,ISR:0,LeaderEpoch:0,ControllerEpoch:1),getStudentAllEducation-0 -> (Leader:0,ISR:0,LeaderEpoch:0,ControllerEpoch:1),response_topic-0 -> (Leader:0,ISR:0,LeaderEpoch:0,ControllerEpoch:1),getCompanyInfo-0 -> (Leader:0,ISR:0,LeaderEpoch:0,ControllerEpoch:1),updateProfessionalExperience-0 -> (Leader:0,ISR:0,LeaderEpoch:0,ControllerEpoch:1) (kafka.controller.KafkaController)
[2020-04-07 14:44:41,976] INFO [ControllerEventThread controllerId=0] Shutting down (kafka.controller.ControllerEventManager$ControllerEventThread)
[2020-04-07 14:44:41,976] INFO [ControllerEventThread controllerId=0] Stopped (kafka.controller.ControllerEventManager$ControllerEventThread)
[2020-04-07 14:44:41,976] INFO [ControllerEventThread controllerId=0] Shutdown completed (kafka.controller.ControllerEventManager$ControllerEventThread)
[2020-04-07 14:44:41,977] DEBUG [Controller id=0] Resigning (kafka.controller.KafkaController)
[2020-04-07 14:44:41,977] DEBUG [Controller id=0] Unregister BrokerModifications handler for Set(0) (kafka.controller.KafkaController)
[2020-04-07 14:44:41,980] INFO [PartitionStateMachine controllerId=0] Stopped partition state machine (kafka.controller.PartitionStateMachine)
[2020-04-07 14:44:41,982] INFO [ReplicaStateMachine controllerId=0] Stopped replica state machine (kafka.controller.ReplicaStateMachine)
[2020-04-07 14:44:41,982] INFO [RequestSendThread controllerId=0] Shutting down (kafka.controller.RequestSendThread)
[2020-04-07 14:44:41,983] INFO [RequestSendThread controllerId=0] Stopped (kafka.controller.RequestSendThread)
[2020-04-07 14:44:41,983] INFO [RequestSendThread controllerId=0] Shutdown completed (kafka.controller.RequestSendThread)
[2020-04-07 14:44:41,985] INFO [Controller id=0] Resigned (kafka.controller.KafkaController)
