[2020-04-03 13:03:25,619] INFO The cleaning for partition addMessageInAConversation-0 is aborted and paused (kafka.log.LogCleaner)
[2020-04-03 13:03:25,624] INFO Compaction for partition addMessageInAConversation-0 is resumed (kafka.log.LogCleaner)
[2020-04-03 13:03:25,624] INFO The cleaning for partition addMessageInAConversation-0 is aborted (kafka.log.LogCleaner)
[2020-04-03 13:03:37,226] INFO The cleaning for partition applyForJob-0 is aborted and paused (kafka.log.LogCleaner)
[2020-04-03 13:03:37,226] INFO Compaction for partition applyForJob-0 is resumed (kafka.log.LogCleaner)
[2020-04-03 13:03:37,226] INFO The cleaning for partition applyForJob-0 is aborted (kafka.log.LogCleaner)
[2020-04-03 13:03:51,354] INFO The cleaning for partition createEducation-0 is aborted and paused (kafka.log.LogCleaner)
[2020-04-03 13:03:51,354] INFO Compaction for partition createEducation-0 is resumed (kafka.log.LogCleaner)
[2020-04-03 13:03:51,354] INFO The cleaning for partition createEducation-0 is aborted (kafka.log.LogCleaner)
[2020-04-03 13:04:05,337] INFO The cleaning for partition createEvent-0 is aborted and paused (kafka.log.LogCleaner)
[2020-04-03 13:04:05,337] INFO Compaction for partition createEvent-0 is resumed (kafka.log.LogCleaner)
[2020-04-03 13:04:05,337] INFO The cleaning for partition createEvent-0 is aborted (kafka.log.LogCleaner)
[2020-04-03 13:04:18,790] INFO The cleaning for partition createJobPost-0 is aborted and paused (kafka.log.LogCleaner)
[2020-04-03 13:04:18,790] INFO Compaction for partition createJobPost-0 is resumed (kafka.log.LogCleaner)
[2020-04-03 13:04:18,790] INFO The cleaning for partition createJobPost-0 is aborted (kafka.log.LogCleaner)
[2020-04-03 13:04:33,174] INFO The cleaning for partition createProfessionalExperience-0 is aborted and paused (kafka.log.LogCleaner)
[2020-04-03 13:04:33,174] INFO Compaction for partition createProfessionalExperience-0 is resumed (kafka.log.LogCleaner)
[2020-04-03 13:04:33,174] INFO The cleaning for partition createProfessionalExperience-0 is aborted (kafka.log.LogCleaner)
[2020-04-03 13:04:46,766] INFO The cleaning for partition deleteEducation-0 is aborted and paused (kafka.log.LogCleaner)
[2020-04-03 13:04:46,766] INFO Compaction for partition deleteEducation-0 is resumed (kafka.log.LogCleaner)
[2020-04-03 13:04:46,766] INFO The cleaning for partition deleteEducation-0 is aborted (kafka.log.LogCleaner)
[2020-04-03 13:05:00,333] INFO The cleaning for partition deleteProfessionalExperience-0 is aborted and paused (kafka.log.LogCleaner)
[2020-04-03 13:05:00,333] INFO Compaction for partition deleteProfessionalExperience-0 is resumed (kafka.log.LogCleaner)
[2020-04-03 13:05:00,333] INFO The cleaning for partition deleteProfessionalExperience-0 is aborted (kafka.log.LogCleaner)
[2020-04-03 13:05:14,330] INFO The cleaning for partition getAllConversationsOfAUser-0 is aborted and paused (kafka.log.LogCleaner)
[2020-04-03 13:05:14,330] INFO Compaction for partition getAllConversationsOfAUser-0 is resumed (kafka.log.LogCleaner)
[2020-04-03 13:05:14,330] INFO The cleaning for partition getAllConversationsOfAUser-0 is aborted (kafka.log.LogCleaner)
[2020-04-03 13:05:28,383] INFO The cleaning for partition getAllMessageOFAConversation-0 is aborted and paused (kafka.log.LogCleaner)
[2020-04-03 13:05:28,383] INFO Compaction for partition getAllMessageOFAConversation-0 is resumed (kafka.log.LogCleaner)
[2020-04-03 13:05:28,384] INFO The cleaning for partition getAllMessageOFAConversation-0 is aborted (kafka.log.LogCleaner)
[2020-04-03 13:05:42,537] INFO The cleaning for partition getAppliedJobs-0 is aborted and paused (kafka.log.LogCleaner)
[2020-04-03 13:05:42,537] INFO Compaction for partition getAppliedJobs-0 is resumed (kafka.log.LogCleaner)
[2020-04-03 13:05:42,537] INFO The cleaning for partition getAppliedJobs-0 is aborted (kafka.log.LogCleaner)
[2020-04-03 13:05:56,832] INFO The cleaning for partition getCompanyInfo-0 is aborted and paused (kafka.log.LogCleaner)
[2020-04-03 13:05:56,832] INFO Compaction for partition getCompanyInfo-0 is resumed (kafka.log.LogCleaner)
[2020-04-03 13:05:56,832] INFO The cleaning for partition getCompanyInfo-0 is aborted (kafka.log.LogCleaner)
[2020-04-03 13:06:10,530] INFO The cleaning for partition getPostedJobs-0 is aborted and paused (kafka.log.LogCleaner)
[2020-04-03 13:06:10,531] INFO Compaction for partition getPostedJobs-0 is resumed (kafka.log.LogCleaner)
[2020-04-03 13:06:10,531] INFO The cleaning for partition getPostedJobs-0 is aborted (kafka.log.LogCleaner)
[2020-04-03 13:06:25,179] INFO The cleaning for partition getRegisteredEvents-0 is aborted and paused (kafka.log.LogCleaner)
[2020-04-03 13:06:25,179] INFO Compaction for partition getRegisteredEvents-0 is resumed (kafka.log.LogCleaner)
[2020-04-03 13:06:25,179] INFO The cleaning for partition getRegisteredEvents-0 is aborted (kafka.log.LogCleaner)
[2020-04-03 13:06:38,891] INFO The cleaning for partition getSearchedEvent-0 is aborted and paused (kafka.log.LogCleaner)
[2020-04-03 13:06:38,891] INFO Compaction for partition getSearchedEvent-0 is resumed (kafka.log.LogCleaner)
[2020-04-03 13:06:38,891] INFO The cleaning for partition getSearchedEvent-0 is aborted (kafka.log.LogCleaner)
[2020-04-03 13:06:52,089] INFO The cleaning for partition getStudentAllEducation-0 is aborted and paused (kafka.log.LogCleaner)
[2020-04-03 13:06:52,090] INFO Compaction for partition getStudentAllEducation-0 is resumed (kafka.log.LogCleaner)
[2020-04-03 13:06:52,090] INFO The cleaning for partition getStudentAllEducation-0 is aborted (kafka.log.LogCleaner)
[2020-04-03 13:07:05,685] INFO The cleaning for partition getStudentInfo-0 is aborted and paused (kafka.log.LogCleaner)
[2020-04-03 13:07:05,685] INFO Compaction for partition getStudentInfo-0 is resumed (kafka.log.LogCleaner)
[2020-04-03 13:07:05,685] INFO The cleaning for partition getStudentInfo-0 is aborted (kafka.log.LogCleaner)
[2020-04-03 13:07:17,148] INFO The cleaning for partition getStudentsRegisteredInAEvent-0 is aborted and paused (kafka.log.LogCleaner)
[2020-04-03 13:07:17,148] INFO Compaction for partition getStudentsRegisteredInAEvent-0 is resumed (kafka.log.LogCleaner)
[2020-04-03 13:07:17,148] INFO The cleaning for partition getStudentsRegisteredInAEvent-0 is aborted (kafka.log.LogCleaner)
[2020-04-03 13:07:28,736] INFO The cleaning for partition listCompanyCreatedEvents-0 is aborted and paused (kafka.log.LogCleaner)
[2020-04-03 13:07:28,736] INFO Compaction for partition listCompanyCreatedEvents-0 is resumed (kafka.log.LogCleaner)
[2020-04-03 13:07:28,736] INFO The cleaning for partition listCompanyCreatedEvents-0 is aborted (kafka.log.LogCleaner)
[2020-04-03 13:07:40,240] INFO The cleaning for partition listCompanyPostedJobs-0 is aborted and paused (kafka.log.LogCleaner)
[2020-04-03 13:07:40,240] INFO Compaction for partition listCompanyPostedJobs-0 is resumed (kafka.log.LogCleaner)
[2020-04-03 13:07:40,240] INFO The cleaning for partition listCompanyPostedJobs-0 is aborted (kafka.log.LogCleaner)
[2020-04-03 13:07:51,741] INFO The cleaning for partition login-0 is aborted and paused (kafka.log.LogCleaner)
[2020-04-03 13:07:51,741] INFO Compaction for partition login-0 is resumed (kafka.log.LogCleaner)
[2020-04-03 13:07:51,741] INFO The cleaning for partition login-0 is aborted (kafka.log.LogCleaner)
[2020-04-03 13:08:03,223] INFO The cleaning for partition passport-0 is aborted and paused (kafka.log.LogCleaner)
[2020-04-03 13:08:03,223] INFO Compaction for partition passport-0 is resumed (kafka.log.LogCleaner)
[2020-04-03 13:08:03,223] INFO The cleaning for partition passport-0 is aborted (kafka.log.LogCleaner)
[2020-04-03 13:08:14,721] INFO The cleaning for partition registerForEvent-0 is aborted and paused (kafka.log.LogCleaner)
[2020-04-03 13:08:14,721] INFO Compaction for partition registerForEvent-0 is resumed (kafka.log.LogCleaner)
[2020-04-03 13:08:14,721] INFO The cleaning for partition registerForEvent-0 is aborted (kafka.log.LogCleaner)
[2020-04-03 13:08:26,236] INFO The cleaning for partition response_topic-0 is aborted and paused (kafka.log.LogCleaner)
[2020-04-03 13:08:26,236] INFO Compaction for partition response_topic-0 is resumed (kafka.log.LogCleaner)
[2020-04-03 13:08:26,236] INFO The cleaning for partition response_topic-0 is aborted (kafka.log.LogCleaner)
[2020-04-03 13:08:37,778] INFO The cleaning for partition searchStudents-0 is aborted and paused (kafka.log.LogCleaner)
[2020-04-03 13:08:37,778] INFO Compaction for partition searchStudents-0 is resumed (kafka.log.LogCleaner)
[2020-04-03 13:08:37,778] INFO The cleaning for partition searchStudents-0 is aborted (kafka.log.LogCleaner)
[2020-04-03 13:08:50,959] INFO The cleaning for partition signup-0 is aborted and paused (kafka.log.LogCleaner)
[2020-04-03 13:08:50,959] INFO Compaction for partition signup-0 is resumed (kafka.log.LogCleaner)
[2020-04-03 13:08:50,959] INFO The cleaning for partition signup-0 is aborted (kafka.log.LogCleaner)
[2020-04-03 13:09:02,653] INFO The cleaning for partition updateAppliedStudentJobStatus-0 is aborted and paused (kafka.log.LogCleaner)
[2020-04-03 13:09:02,653] INFO Compaction for partition updateAppliedStudentJobStatus-0 is resumed (kafka.log.LogCleaner)
[2020-04-03 13:09:02,653] INFO The cleaning for partition updateAppliedStudentJobStatus-0 is aborted (kafka.log.LogCleaner)
[2020-04-03 13:09:14,938] INFO The cleaning for partition updateCompanyProfile-0 is aborted and paused (kafka.log.LogCleaner)
[2020-04-03 13:09:14,938] INFO Compaction for partition updateCompanyProfile-0 is resumed (kafka.log.LogCleaner)
[2020-04-03 13:09:14,938] INFO The cleaning for partition updateCompanyProfile-0 is aborted (kafka.log.LogCleaner)
[2020-04-03 13:09:26,518] INFO The cleaning for partition updateEducation-0 is aborted and paused (kafka.log.LogCleaner)
[2020-04-03 13:09:26,518] INFO Compaction for partition updateEducation-0 is resumed (kafka.log.LogCleaner)
[2020-04-03 13:09:26,518] INFO The cleaning for partition updateEducation-0 is aborted (kafka.log.LogCleaner)
[2020-04-03 13:09:38,119] INFO The cleaning for partition updateProfessionalExperience-0 is aborted and paused (kafka.log.LogCleaner)
[2020-04-03 13:09:38,119] INFO Compaction for partition updateProfessionalExperience-0 is resumed (kafka.log.LogCleaner)
[2020-04-03 13:09:38,119] INFO The cleaning for partition updateProfessionalExperience-0 is aborted (kafka.log.LogCleaner)
[2020-04-03 13:09:54,464] INFO The cleaning for partition updateSkills-0 is aborted and paused (kafka.log.LogCleaner)
[2020-04-03 13:09:54,464] INFO Compaction for partition updateSkills-0 is resumed (kafka.log.LogCleaner)
[2020-04-03 13:09:54,464] INFO The cleaning for partition updateSkills-0 is aborted (kafka.log.LogCleaner)
[2020-04-03 13:10:09,621] INFO The cleaning for partition updateStudentProfile-0 is aborted and paused (kafka.log.LogCleaner)
[2020-04-03 13:10:09,621] INFO Compaction for partition updateStudentProfile-0 is resumed (kafka.log.LogCleaner)
[2020-04-03 13:10:09,621] INFO The cleaning for partition updateStudentProfile-0 is aborted (kafka.log.LogCleaner)
[2020-04-03 13:28:15,613] INFO Shutting down the log cleaner. (kafka.log.LogCleaner)
[2020-04-03 13:28:15,614] INFO [kafka-log-cleaner-thread-0]: Shutting down (kafka.log.LogCleaner)
[2020-04-03 13:28:15,614] INFO [kafka-log-cleaner-thread-0]: Stopped (kafka.log.LogCleaner)
[2020-04-03 13:28:15,614] INFO [kafka-log-cleaner-thread-0]: Shutdown completed (kafka.log.LogCleaner)
[2020-04-03 13:30:29,219] INFO Starting the log cleaner (kafka.log.LogCleaner)
[2020-04-03 13:30:29,884] INFO [kafka-log-cleaner-thread-0]: Starting (kafka.log.LogCleaner)
[2020-04-03 13:37:10,025] INFO The cleaning for partition response_topic-0 is aborted and paused (kafka.log.LogCleaner)
[2020-04-03 13:37:10,027] INFO Compaction for partition response_topic-0 is resumed (kafka.log.LogCleaner)
[2020-04-03 13:37:10,027] INFO The cleaning for partition response_topic-0 is aborted (kafka.log.LogCleaner)
[2020-04-03 13:37:29,290] INFO The cleaning for partition login-0 is aborted and paused (kafka.log.LogCleaner)
[2020-04-03 13:37:29,291] INFO Compaction for partition login-0 is resumed (kafka.log.LogCleaner)
[2020-04-03 13:37:29,291] INFO The cleaning for partition login-0 is aborted (kafka.log.LogCleaner)
[2020-04-03 13:40:05,759] INFO Shutting down the log cleaner. (kafka.log.LogCleaner)
[2020-04-03 13:40:05,760] INFO [kafka-log-cleaner-thread-0]: Shutting down (kafka.log.LogCleaner)
[2020-04-03 13:40:05,760] INFO [kafka-log-cleaner-thread-0]: Stopped (kafka.log.LogCleaner)
[2020-04-03 13:40:05,760] INFO [kafka-log-cleaner-thread-0]: Shutdown completed (kafka.log.LogCleaner)
